<?xml version="1.0" encoding="UTF-8"?>
<testng-results ignored="0" total="1" passed="1" failed="0" skipped="0">
  <reporter-output>
  </reporter-output>
  <suite started-at="2025-03-30T10:30:34 IST" name="Default suite" finished-at="2025-03-30T10:30:47 IST" duration-ms="13781">
    <groups>
    </groups>
    <test started-at="2025-03-30T10:30:34 IST" name="Default test" finished-at="2025-03-30T10:30:47 IST" duration-ms="13781">
      <class name="books.TC_DWS_001_Test">
        <test-method is-config="true" signature="reportConfig()[pri:0, instance:books.TC_DWS_001_Test@1cf6d1be]" started-at="2025-03-30T10:30:33 IST" name="reportConfig" finished-at="2025-03-30T10:30:34 IST" duration-ms="359" status="PASS">
          <reporter-output>
          </reporter-output>
        </test-method> <!-- reportConfig -->
        <test-method is-config="true" signature="openBrowser()[pri:0, instance:books.TC_DWS_001_Test@1cf6d1be]" started-at="2025-03-30T10:30:34 IST" name="openBrowser" finished-at="2025-03-30T10:30:42 IST" duration-ms="8320" status="PASS">
          <reporter-output>
          </reporter-output>
        </test-method> <!-- openBrowser -->
        <test-method is-config="true" signature="login()[pri:0, instance:books.TC_DWS_001_Test@1cf6d1be]" started-at="2025-03-30T10:30:42 IST" name="login" finished-at="2025-03-30T10:30:44 IST" duration-ms="2113" status="PASS">
          <reporter-output>
          </reporter-output>
        </test-method> <!-- login -->
        <test-method signature="clickOnBooks()[pri:0, instance:books.TC_DWS_001_Test@1cf6d1be]" started-at="2025-03-30T10:30:44 IST" name="clickOnBooks" finished-at="2025-03-30T10:30:46 IST" duration-ms="1334" status="PASS">
          <reporter-output>
          </reporter-output>
        </test-method> <!-- clickOnBooks -->
        <test-method is-config="true" signature="logout()[pri:0, instance:books.TC_DWS_001_Test@1cf6d1be]" started-at="2025-03-30T10:30:46 IST" name="logout" finished-at="2025-03-30T10:30:47 IST" duration-ms="1037" status="PASS">
          <reporter-output>
          </reporter-output>
        </test-method> <!-- logout -->
        <test-method is-config="true" signature="closeBrowser()[pri:0, instance:books.TC_DWS_001_Test@1cf6d1be]" started-at="2025-03-30T10:30:47 IST" name="closeBrowser" finished-at="2025-03-30T10:30:47 IST" duration-ms="538" status="PASS">
          <reporter-output>
          </reporter-output>
        </test-method> <!-- closeBrowser -->
        <test-method is-config="true" signature="reportBackup()[pri:0, instance:books.TC_DWS_001_Test@1cf6d1be]" started-at="2025-03-30T10:30:48 IST" name="reportBackup" finished-at="2025-03-30T10:30:48 IST" duration-ms="435" status="PASS">
          <reporter-output>
          </reporter-output>
        </test-method> <!-- reportBackup -->
      </class> <!-- books.TC_DWS_001_Test -->
    </test> <!-- Default test -->
  </suite> <!-- Default suite -->
</testng-results>
