<?xml version="1.0" encoding="UTF-8"?>
<!-- Generated by org.testng.reporters.JUnitXMLReporter -->
<testsuite ignored="4" hostname="ITT-SUSHANTRAJ" failures="1" tests="3" name="Test" time="48.905" errors="0" timestamp="2025-03-29T23:12:19 IST">
  <testcase classname="Electronics.TC_DWS_003_Test" name="clickOnElectronic" time="1.041"/>
  <testcase classname="Computers.TC_DWS_002_Test" name="clickOnComputer" time="0.011">
    <failure type="java.lang.StackOverflowError">
      <![CDATA[java.lang.StackOverflowError
at objectrepository.HomePage.getGetComputerLink(HomePage.java:35)
at objectrepository.HomePage.getGetComputerLink(HomePage.java:35)
at objectrepository.HomePage.getGetComputerLink(HomePage.java:35)
at objectrepository.HomePage.getGetComputerLink(HomePage.java:35)
at objectrepository.HomePage.getGetComputerLink(HomePage.java:35)
at objectrepository.HomePage.getGetComputerLink(HomePage.java:35)
at objectrepository.HomePage.getGetComputerLink(HomePage.java:35)
at objectrepository.HomePage.getGetComputerLink(HomePage.java:35)
at objectrepository.HomePage.getGetComputerLink(HomePage.java:35)
at objectrepository.HomePage.getGetComputerLink(HomePage.java:35)
at objectrepository.HomePage.getGetComputerLink(HomePage.java:35)
at objectrepository.HomePage.getGetComputerLink(HomePage.java:35)
at objectrepository.HomePage.getGetComputerLink(HomePage.java:35)
at objectrepository.HomePage.getGetComputerLink(HomePage.java:35)
at objectrepository.HomePage.getGetComputerLink(HomePage.java:35)
at objectrepository.HomePage.getGetComputerLink(HomePage.java:35)
at objectrepository.HomePage.getGetComputerLink(HomePage.java:35)
at objectrepository.HomePage.getGetComputerLink(HomePage.java:35)
at objectrepository.HomePage.getGetComputerLink(HomePage.java:35)
at objectrepository.HomePage.getGetComputerLink(HomePage.java:35)
at objectrepository.HomePage.getGetComputerLink(HomePage.java:35)
at objectrepository.HomePage.getGetComputerLink(HomePage.java:35)
at objectrepository.HomePage.getGetComputerLink(HomePage.java:35)
at objectrepository.HomePage.getGetComputerLink(HomePage.java:35)
at objectrepository.HomePage.getGetComputerLink(HomePage.java:35)
at objectrepository.HomePage.getGetComputerLink(HomePage.java:35)
at objectrepository.HomePage.getGetComputerLink(HomePage.java:35)
at objectrepository.HomePage.getGetComputerLink(HomePage.java:35)
at objectrepository.HomePage.getGetComputerLink(HomePage.java:35)
at objectrepository.HomePage.getGetComputerLink(HomePage.java:35)
at objectrepository.HomePage.getGetComputerLink(HomePage.java:35)
at objectrepository.HomePage.getGetComputerLink(HomePage.java:35)
at objectrepository.HomePage.getGetComputerLink(HomePage.java:35)
at objectrepository.HomePage.getGetComputerLink(HomePage.java:35)
at objectrepository.HomePage.getGetComputerLink(HomePage.java:35)
at objectrepository.HomePage.getGetComputerLink(HomePage.java:35)
at objectrepository.HomePage.getGetComputerLink(HomePage.java:35)
at objectrepository.HomePage.getGetComputerLink(HomePage.java:35)
at objectrepository.HomePage.getGetComputerLink(HomePage.java:35)
at objectrepository.HomePage.getGetComputerLink(HomePage.java:35)
at objectrepository.HomePage.getGetComputerLink(HomePage.java:35)
at objectrepository.HomePage.getGetComputerLink(HomePage.java:35)
at objectrepository.HomePage.getGetComputerLink(HomePage.java:35)
at objectrepository.HomePage.getGetComputerLink(HomePage.java:35)
at objectrepository.HomePage.getGetComputerLink(HomePage.java:35)
at objectrepository.HomePage.getGetComputerLink(HomePage.java:35)
at objectrepository.HomePage.getGetComputerLink(HomePage.java:35)
at objectrepository.HomePage.getGetComputerLink(HomePage.java:35)
at objectrepository.HomePage.getGetComputerLink(HomePage.java:35)
at objectrepository.HomePage.getGetComputerLink(HomePage.java:35)
at objectrepository.HomePage.getGetComputerLink(HomePage.java:35)
at objectrepository.HomePage.getGetComputerLink(HomePage.java:35)
at objectrepository.HomePage.getGetComputerLink(HomePage.java:35)
at objectrepository.HomePage.getGetComputerLink(HomePage.java:35)
at objectrepository.HomePage.getGetComputerLink(HomePage.java:35)
at objectrepository.HomePage.getGetComputerLink(HomePage.java:35)
at objectrepository.HomePage.getGetComputerLink(HomePage.java:35)
at objectrepository.HomePage.getGetComputerLink(HomePage.java:35)
at objectrepository.HomePage.getGetComputerLink(HomePage.java:35)
at objectrepository.HomePage.getGetComputerLink(HomePage.java:35)
at objectrepository.HomePage.getGetComputerLink(HomePage.java:35)
at objectrepository.HomePage.getGetComputerLink(HomePage.java:35)
at objectrepository.HomePage.getGetComputerLink(HomePage.java:35)
at objectrepository.HomePage.getGetComputerLink(HomePage.java:35)
at objectrepository.HomePage.getGetComputerLink(HomePage.java:35)
at objectrepository.HomePage.getGetComputerLink(HomePage.java:35)
at objectrepository.HomePage.getGetComputerLink(HomePage.java:35)
at objectrepository.HomePage.getGetComputerLink(HomePage.java:35)
at objectrepository.HomePage.getGetComputerLink(HomePage.java:35)
at objectrepository.HomePage.getGetComputerLink(HomePage.java:35)
at objectrepository.HomePage.getGetComputerLink(HomePage.java:35)
at objectrepository.HomePage.getGetComputerLink(HomePage.java:35)
at objectrepository.HomePage.getGetComputerLink(HomePage.java:35)
at objectrepository.HomePage.getGetComputerLink(HomePage.java:35)
at objectrepository.HomePage.getGetComputerLink(HomePage.java:35)
at objectrepository.HomePage.getGetComputerLink(HomePage.java:35)
at objectrepository.HomePage.getGetComputerLink(HomePage.java:35)
at objectrepository.HomePage.getGetComputerLink(HomePage.java:35)
at objectrepository.HomePage.getGetComputerLink(HomePage.java:35)
at objectrepository.HomePage.getGetComputerLink(HomePage.java:35)
at objectrepository.HomePage.getGetComputerLink(HomePage.java:35)
at objectrepository.HomePage.getGetComputerLink(HomePage.java:35)
at objectrepository.HomePage.getGetComputerLink(HomePage.java:35)
at objectrepository.HomePage.getGetComputerLink(HomePage.java:35)
at objectrepository.HomePage.getGetComputerLink(HomePage.java:35)
at objectrepository.HomePage.getGetComputerLink(HomePage.java:35)
at objectrepository.HomePage.getGetComputerLink(HomePage.java:35)
at objectrepository.HomePage.getGetComputerLink(HomePage.java:35)
at objectrepository.HomePage.getGetComputerLink(HomePage.java:35)
at objectrepository.HomePage.getGetComputerLink(HomePage.java:35)
at objectrepository.HomePage.getGetComputerLink(HomePage.java:35)
at objectrepository.HomePage.getGetComputerLink(HomePage.java:35)
at objectrepository.HomePage.getGetComputerLink(HomePage.java:35)
at objectrepository.HomePage.getGetComputerLink(HomePage.java:35)
at objectrepository.HomePage.getGetComputerLink(HomePage.java:35)
at objectrepository.HomePage.getGetComputerLink(HomePage.java:35)
at objectrepository.HomePage.getGetComputerLink(HomePage.java:35)
at objectrepository.HomePage.getGetComputerLink(HomePage.java:35)
at objectrepository.HomePage.getGetComputerLink(HomePage.java:35)
at objectrepository.HomePage.getGetComputerLink(HomePage.java:35)
at objectrepository.HomePage.getGetComputerLink(HomePage.java:35)
at objectrepository.HomePage.getGetComputerLink(HomePage.java:35)
at objectrepository.HomePage.getGetComputerLink(HomePage.java:35)
at objectrepository.HomePage.getGetComputerLink(HomePage.java:35)
at objectrepository.HomePage.getGetComputerLink(HomePage.java:35)
at objectrepository.HomePage.getGetComputerLink(HomePage.java:35)
at objectrepository.HomePage.getGetComputerLink(HomePage.java:35)
at objectrepository.HomePage.getGetComputerLink(HomePage.java:35)
at objectrepository.HomePage.getGetComputerLink(HomePage.java:35)
at objectrepository.HomePage.getGetComputerLink(HomePage.java:35)
at objectrepository.HomePage.getGetComputerLink(HomePage.java:35)
at objectrepository.HomePage.getGetComputerLink(HomePage.java:35)
at objectrepository.HomePage.getGetComputerLink(HomePage.java:35)
at objectrepository.HomePage.getGetComputerLink(HomePage.java:35)
at objectrepository.HomePage.getGetComputerLink(HomePage.java:35)
at objectrepository.HomePage.getGetComputerLink(HomePage.java:35)
at objectrepository.HomePage.getGetComputerLink(HomePage.java:35)
at objectrepository.HomePage.getGetComputerLink(HomePage.java:35)
at objectrepository.HomePage.getGetComputerLink(HomePage.java:35)
at objectrepository.HomePage.getGetComputerLink(HomePage.java:35)
at objectrepository.HomePage.getGetComputerLink(HomePage.java:35)
at objectrepository.HomePage.getGetComputerLink(HomePage.java:35)
at objectrepository.HomePage.getGetComputerLink(HomePage.java:35)
at objectrepository.HomePage.getGetComputerLink(HomePage.java:35)
at objectrepository.HomePage.getGetComputerLink(HomePage.java:35)
at objectrepository.HomePage.getGetComputerLink(HomePage.java:35)
at objectrepository.HomePage.getGetComputerLink(HomePage.java:35)
at objectrepository.HomePage.getGetComputerLink(HomePage.java:35)
at objectrepository.HomePage.getGetComputerLink(HomePage.java:35)
at objectrepository.HomePage.getGetComputerLink(HomePage.java:35)
at objectrepository.HomePage.getGetComputerLink(HomePage.java:35)
at objectrepository.HomePage.getGetComputerLink(HomePage.java:35)
at objectrepository.HomePage.getGetComputerLink(HomePage.java:35)
at objectrepository.HomePage.getGetComputerLink(HomePage.java:35)
at objectrepository.HomePage.getGetComputerLink(HomePage.java:35)
at objectrepository.HomePage.getGetComputerLink(HomePage.java:35)
at objectrepository.HomePage.getGetComputerLink(HomePage.java:35)
at objectrepository.HomePage.getGetComputerLink(HomePage.java:35)
at objectrepository.HomePage.getGetComputerLink(HomePage.java:35)
at objectrepository.HomePage.getGetComputerLink(HomePage.java:35)
at objectrepository.HomePage.getGetComputerLink(HomePage.java:35)
at objectrepository.HomePage.getGetComputerLink(HomePage.java:35)
at objectrepository.HomePage.getGetComputerLink(HomePage.java:35)
at objectrepository.HomePage.getGetComputerLink(HomePage.java:35)
at objectrepository.HomePage.getGetComputerLink(HomePage.java:35)
at objectrepository.HomePage.getGetComputerLink(HomePage.java:35)
at objectrepository.HomePage.getGetComputerLink(HomePage.java:35)
at objectrepository.HomePage.getGetComputerLink(HomePage.java:35)
at objectrepository.HomePage.getGetComputerLink(HomePage.java:35)
at objectrepository.HomePage.getGetComputerLink(HomePage.java:35)
at objectrepository.HomePage.getGetComputerLink(HomePage.java:35)
at objectrepository.HomePage.getGetComputerLink(HomePage.java:35)
at objectrepository.HomePage.getGetComputerLink(HomePage.java:35)
at objectrepository.HomePage.getGetComputerLink(HomePage.java:35)
at objectrepository.HomePage.getGetComputerLink(HomePage.java:35)
at objectrepository.HomePage.getGetComputerLink(HomePage.java:35)
at objectrepository.HomePage.getGetComputerLink(HomePage.java:35)
at objectrepository.HomePage.getGetComputerLink(HomePage.java:35)
at objectrepository.HomePage.getGetComputerLink(HomePage.java:35)
at objectrepository.HomePage.getGetComputerLink(HomePage.java:35)
at objectrepository.HomePage.getGetComputerLink(HomePage.java:35)
at objectrepository.HomePage.getGetComputerLink(HomePage.java:35)
at objectrepository.HomePage.getGetComputerLink(HomePage.java:35)
at objectrepository.HomePage.getGetComputerLink(HomePage.java:35)
at objectrepository.HomePage.getGetComputerLink(HomePage.java:35)
at objectrepository.HomePage.getGetComputerLink(HomePage.java:35)
at objectrepository.HomePage.getGetComputerLink(HomePage.java:35)
at objectrepository.HomePage.getGetComputerLink(HomePage.java:35)
at objectrepository.HomePage.getGetComputerLink(HomePage.java:35)
at objectrepository.HomePage.getGetComputerLink(HomePage.java:35)
at objectrepository.HomePage.getGetComputerLink(HomePage.java:35)
at objectrepository.HomePage.getGetComputerLink(HomePage.java:35)
at objectrepository.HomePage.getGetComputerLink(HomePage.java:35)
at objectrepository.HomePage.getGetComputerLink(HomePage.java:35)
at objectrepository.HomePage.getGetComputerLink(HomePage.java:35)
at objectrepository.HomePage.getGetComputerLink(HomePage.java:35)
at objectrepository.HomePage.getGetComputerLink(HomePage.java:35)
at objectrepository.HomePage.getGetComputerLink(HomePage.java:35)
at objectrepository.HomePage.getGetComputerLink(HomePage.java:35)
at objectrepository.HomePage.getGetComputerLink(HomePage.java:35)
at objectrepository.HomePage.getGetComputerLink(HomePage.java:35)
at objectrepository.HomePage.getGetComputerLink(HomePage.java:35)
at objectrepository.HomePage.getGetComputerLink(HomePage.java:35)
at objectrepository.HomePage.getGetComputerLink(HomePage.java:35)
at objectrepository.HomePage.getGetComputerLink(HomePage.java:35)
at objectrepository.HomePage.getGetComputerLink(HomePage.java:35)
at objectrepository.HomePage.getGetComputerLink(HomePage.java:35)
at objectrepository.HomePage.getGetComputerLink(HomePage.java:35)
at objectrepository.HomePage.getGetComputerLink(HomePage.java:35)
at objectrepository.HomePage.getGetComputerLink(HomePage.java:35)
at objectrepository.HomePage.getGetComputerLink(HomePage.java:35)
at objectrepository.HomePage.getGetComputerLink(HomePage.java:35)
at objectrepository.HomePage.getGetComputerLink(HomePage.java:35)
at objectrepository.HomePage.getGetComputerLink(HomePage.java:35)
at objectrepository.HomePage.getGetComputerLink(HomePage.java:35)
at objectrepository.HomePage.getGetComputerLink(HomePage.java:35)
at objectrepository.HomePage.getGetComputerLink(HomePage.java:35)
at objectrepository.HomePage.getGetComputerLink(HomePage.java:35)
at objectrepository.HomePage.getGetComputerLink(HomePage.java:35)
at objectrepository.HomePage.getGetComputerLink(HomePage.java:35)
at objectrepository.HomePage.getGetComputerLink(HomePage.java:35)
at objectrepository.HomePage.getGetComputerLink(HomePage.java:35)
at objectrepository.HomePage.getGetComputerLink(HomePage.java:35)
at objectrepository.HomePage.getGetComputerLink(HomePage.java:35)
at objectrepository.HomePage.getGetComputerLink(HomePage.java:35)
at objectrepository.HomePage.getGetComputerLink(HomePage.java:35)
at objectrepository.HomePage.getGetComputerLink(HomePage.java:35)
at objectrepository.HomePage.getGetComputerLink(HomePage.java:35)
at objectrepository.HomePage.getGetComputerLink(HomePage.java:35)
at objectrepository.HomePage.getGetComputerLink(HomePage.java:35)
at objectrepository.HomePage.getGetComputerLink(HomePage.java:35)
at objectrepository.HomePage.getGetComputerLink(HomePage.java:35)
at objectrepository.HomePage.getGetComputerLink(HomePage.java:35)
at objectrepository.HomePage.getGetComputerLink(HomePage.java:35)
at objectrepository.HomePage.getGetComputerLink(HomePage.java:35)
at objectrepository.HomePage.getGetComputerLink(HomePage.java:35)
at objectrepository.HomePage.getGetComputerLink(HomePage.java:35)
at objectrepository.HomePage.getGetComputerLink(HomePage.java:35)
at objectrepository.HomePage.getGetComputerLink(HomePage.java:35)
at objectrepository.HomePage.getGetComputerLink(HomePage.java:35)
at objectrepository.HomePage.getGetComputerLink(HomePage.java:35)
at objectrepository.HomePage.getGetComputerLink(HomePage.java:35)
at objectrepository.HomePage.getGetComputerLink(HomePage.java:35)
at objectrepository.HomePage.getGetComputerLink(HomePage.java:35)
at objectrepository.HomePage.getGetComputerLink(HomePage.java:35)
at objectrepository.HomePage.getGetComputerLink(HomePage.java:35)
at objectrepository.HomePage.getGetComputerLink(HomePage.java:35)
at objectrepository.HomePage.getGetComputerLink(HomePage.java:35)
at objectrepository.HomePage.getGetComputerLink(HomePage.java:35)
at objectrepository.HomePage.getGetComputerLink(HomePage.java:35)
at objectrepository.HomePage.getGetComputerLink(HomePage.java:35)
at objectrepository.HomePage.getGetComputerLink(HomePage.java:35)
at objectrepository.HomePage.getGetComputerLink(HomePage.java:35)
at objectrepository.HomePage.getGetComputerLink(HomePage.java:35)
at objectrepository.HomePage.getGetComputerLink(HomePage.java:35)
at objectrepository.HomePage.getGetComputerLink(HomePage.java:35)
at objectrepository.HomePage.getGetComputerLink(HomePage.java:35)
at objectrepository.HomePage.getGetComputerLink(HomePage.java:35)
at objectrepository.HomePage.getGetComputerLink(HomePage.java:35)
at objectrepository.HomePage.getGetComputerLink(HomePage.java:35)
at objectrepository.HomePage.getGetComputerLink(HomePage.java:35)
at objectrepository.HomePage.getGetComputerLink(HomePage.java:35)
at objectrepository.HomePage.getGetComputerLink(HomePage.java:35)
at objectrepository.HomePage.getGetComputerLink(HomePage.java:35)
at objectrepository.HomePage.getGetComputerLink(HomePage.java:35)
at objectrepository.HomePage.getGetComputerLink(HomePage.java:35)
at objectrepository.HomePage.getGetComputerLink(HomePage.java:35)
at objectrepository.HomePage.getGetComputerLink(HomePage.java:35)
at objectrepository.HomePage.getGetComputerLink(HomePage.java:35)
at objectrepository.HomePage.getGetComputerLink(HomePage.java:35)
at objectrepository.HomePage.getGetComputerLink(HomePage.java:35)
at objectrepository.HomePage.getGetComputerLink(HomePage.java:35)
at objectrepository.HomePage.getGetComputerLink(HomePage.java:35)
at objectrepository.HomePage.getGetComputerLink(HomePage.java:35)
at objectrepository.HomePage.getGetComputerLink(HomePage.java:35)
at objectrepository.HomePage.getGetComputerLink(HomePage.java:35)
at objectrepository.HomePage.getGetComputerLink(HomePage.java:35)
at objectrepository.HomePage.getGetComputerLink(HomePage.java:35)
at objectrepository.HomePage.getGetComputerLink(HomePage.java:35)
at objectrepository.HomePage.getGetComputerLink(HomePage.java:35)
at objectrepository.HomePage.getGetComputerLink(HomePage.java:35)
at objectrepository.HomePage.getGetComputerLink(HomePage.java:35)
at objectrepository.HomePage.getGetComputerLink(HomePage.java:35)
at objectrepository.HomePage.getGetComputerLink(HomePage.java:35)
at objectrepository.HomePage.getGetComputerLink(HomePage.java:35)
at objectrepository.HomePage.getGetComputerLink(HomePage.java:35)
at objectrepository.HomePage.getGetComputerLink(HomePage.java:35)
at objectrepository.HomePage.getGetComputerLink(HomePage.java:35)
at objectrepository.HomePage.getGetComputerLink(HomePage.java:35)
at objectrepository.HomePage.getGetComputerLink(HomePage.java:35)
at objectrepository.HomePage.getGetComputerLink(HomePage.java:35)
at objectrepository.HomePage.getGetComputerLink(HomePage.java:35)
at objectrepository.HomePage.getGetComputerLink(HomePage.java:35)
at objectrepository.HomePage.getGetComputerLink(HomePage.java:35)
at objectrepository.HomePage.getGetComputerLink(HomePage.java:35)
at objectrepository.HomePage.getGetComputerLink(HomePage.java:35)
at objectrepository.HomePage.getGetComputerLink(HomePage.java:35)
at objectrepository.HomePage.getGetComputerLink(HomePage.java:35)
at objectrepository.HomePage.getGetComputerLink(HomePage.java:35)
at objectrepository.HomePage.getGetComputerLink(HomePage.java:35)
at objectrepository.HomePage.getGetComputerLink(HomePage.java:35)
at objectrepository.HomePage.getGetComputerLink(HomePage.java:35)
at objectrepository.HomePage.getGetComputerLink(HomePage.java:35)
at objectrepository.HomePage.getGetComputerLink(HomePage.java:35)
at objectrepository.HomePage.getGetComputerLink(HomePage.java:35)
at objectrepository.HomePage.getGetComputerLink(HomePage.java:35)
at objectrepository.HomePage.getGetComputerLink(HomePage.java:35)
at objectrepository.HomePage.getGetComputerLink(HomePage.java:35)
at objectrepository.HomePage.getGetComputerLink(HomePage.java:35)
at objectrepository.HomePage.getGetComputerLink(HomePage.java:35)
at objectrepository.HomePage.getGetComputerLink(HomePage.java:35)
at objectrepository.HomePage.getGetComputerLink(HomePage.java:35)
at objectrepository.HomePage.getGetComputerLink(HomePage.java:35)
at objectrepository.HomePage.getGetComputerLink(HomePage.java:35)
at objectrepository.HomePage.getGetComputerLink(HomePage.java:35)
at objectrepository.HomePage.getGetComputerLink(HomePage.java:35)
at objectrepository.HomePage.getGetComputerLink(HomePage.java:35)
at objectrepository.HomePage.getGetComputerLink(HomePage.java:35)
at objectrepository.HomePage.getGetComputerLink(HomePage.java:35)
at objectrepository.HomePage.getGetComputerLink(HomePage.java:35)
at objectrepository.HomePage.getGetComputerLink(HomePage.java:35)
at objectrepository.HomePage.getGetComputerLink(HomePage.java:35)
at objectrepository.HomePage.getGetComputerLink(HomePage.java:35)
at objectrepository.HomePage.getGetComputerLink(HomePage.java:35)
at objectrepository.HomePage.getGetComputerLink(HomePage.java:35)
at objectrepository.HomePage.getGetComputerLink(HomePage.java:35)
at objectrepository.HomePage.getGetComputerLink(HomePage.java:35)
at objectrepository.HomePage.getGetComputerLink(HomePage.java:35)
at objectrepository.HomePage.getGetComputerLink(HomePage.java:35)
at objectrepository.HomePage.getGetComputerLink(HomePage.java:35)
at objectrepository.HomePage.getGetComputerLink(HomePage.java:35)
at objectrepository.HomePage.getGetComputerLink(HomePage.java:35)
at objectrepository.HomePage.getGetComputerLink(HomePage.java:35)
at objectrepository.HomePage.getGetComputerLink(HomePage.java:35)
at objectrepository.HomePage.getGetComputerLink(HomePage.java:35)
at objectrepository.HomePage.getGetComputerLink(HomePage.java:35)
at objectrepository.HomePage.getGetComputerLink(HomePage.java:35)
at objectrepository.HomePage.getGetComputerLink(HomePage.java:35)
at objectrepository.HomePage.getGetComputerLink(HomePage.java:35)
at objectrepository.HomePage.getGetComputerLink(HomePage.java:35)
at objectrepository.HomePage.getGetComputerLink(HomePage.java:35)
at objectrepository.HomePage.getGetComputerLink(HomePage.java:35)
at objectrepository.HomePage.getGetComputerLink(HomePage.java:35)
at objectrepository.HomePage.getGetComputerLink(HomePage.java:35)
at objectrepository.HomePage.getGetComputerLink(HomePage.java:35)
at objectrepository.HomePage.getGetComputerLink(HomePage.java:35)
at objectrepository.HomePage.getGetComputerLink(HomePage.java:35)
at objectrepository.HomePage.getGetComputerLink(HomePage.java:35)
at objectrepository.HomePage.getGetComputerLink(HomePage.java:35)
at objectrepository.HomePage.getGetComputerLink(HomePage.java:35)
at objectrepository.HomePage.getGetComputerLink(HomePage.java:35)
at objectrepository.HomePage.getGetComputerLink(HomePage.java:35)
at objectrepository.HomePage.getGetComputerLink(HomePage.java:35)
at objectrepository.HomePage.getGetComputerLink(HomePage.java:35)
at objectrepository.HomePage.getGetComputerLink(HomePage.java:35)
at objectrepository.HomePage.getGetComputerLink(HomePage.java:35)
at objectrepository.HomePage.getGetComputerLink(HomePage.java:35)
at objectrepository.HomePage.getGetComputerLink(HomePage.java:35)
at objectrepository.HomePage.getGetComputerLink(HomePage.java:35)
at objectrepository.HomePage.getGetComputerLink(HomePage.java:35)
at objectrepository.HomePage.getGetComputerLink(HomePage.java:35)
at objectrepository.HomePage.getGetComputerLink(HomePage.java:35)
at objectrepository.HomePage.getGetComputerLink(HomePage.java:35)
at objectrepository.HomePage.getGetComputerLink(HomePage.java:35)
at objectrepository.HomePage.getGetComputerLink(HomePage.java:35)
at objectrepository.HomePage.getGetComputerLink(HomePage.java:35)
at objectrepository.HomePage.getGetComputerLink(HomePage.java:35)
at objectrepository.HomePage.getGetComputerLink(HomePage.java:35)
at objectrepository.HomePage.getGetComputerLink(HomePage.java:35)
at objectrepository.HomePage.getGetComputerLink(HomePage.java:35)
at objectrepository.HomePage.getGetComputerLink(HomePage.java:35)
at objectrepository.HomePage.getGetComputerLink(HomePage.java:35)
at objectrepository.HomePage.getGetComputerLink(HomePage.java:35)
at objectrepository.HomePage.getGetComputerLink(HomePage.java:35)
at objectrepository.HomePage.getGetComputerLink(HomePage.java:35)
at objectrepository.HomePage.getGetComputerLink(HomePage.java:35)
at objectrepository.HomePage.getGetComputerLink(HomePage.java:35)
at objectrepository.HomePage.getGetComputerLink(HomePage.java:35)
at objectrepository.HomePage.getGetComputerLink(HomePage.java:35)
at objectrepository.HomePage.getGetComputerLink(HomePage.java:35)
at objectrepository.HomePage.getGetComputerLink(HomePage.java:35)
at objectrepository.HomePage.getGetComputerLink(HomePage.java:35)
at objectrepository.HomePage.getGetComputerLink(HomePage.java:35)
at objectrepository.HomePage.getGetComputerLink(HomePage.java:35)
at objectrepository.HomePage.getGetComputerLink(HomePage.java:35)
at objectrepository.HomePage.getGetComputerLink(HomePage.java:35)
at objectrepository.HomePage.getGetComputerLink(HomePage.java:35)
at objectrepository.HomePage.getGetComputerLink(HomePage.java:35)
at objectrepository.HomePage.getGetComputerLink(HomePage.java:35)
at objectrepository.HomePage.getGetComputerLink(HomePage.java:35)
at objectrepository.HomePage.getGetComputerLink(HomePage.java:35)
at objectrepository.HomePage.getGetComputerLink(HomePage.java:35)
at objectrepository.HomePage.getGetComputerLink(HomePage.java:35)
at objectrepository.HomePage.getGetComputerLink(HomePage.java:35)
at objectrepository.HomePage.getGetComputerLink(HomePage.java:35)
at objectrepository.HomePage.getGetComputerLink(HomePage.java:35)
at objectrepository.HomePage.getGetComputerLink(HomePage.java:35)
at objectrepository.HomePage.getGetComputerLink(HomePage.java:35)
at objectrepository.HomePage.getGetComputerLink(HomePage.java:35)
at objectrepository.HomePage.getGetComputerLink(HomePage.java:35)
at objectrepository.HomePage.getGetComputerLink(HomePage.java:35)
at objectrepository.HomePage.getGetComputerLink(HomePage.java:35)
at objectrepository.HomePage.getGetComputerLink(HomePage.java:35)
at objectrepository.HomePage.getGetComputerLink(HomePage.java:35)
at objectrepository.HomePage.getGetComputerLink(HomePage.java:35)
at objectrepository.HomePage.getGetComputerLink(HomePage.java:35)
at objectrepository.HomePage.getGetComputerLink(HomePage.java:35)
at objectrepository.HomePage.getGetComputerLink(HomePage.java:35)
at objectrepository.HomePage.getGetComputerLink(HomePage.java:35)
at objectrepository.HomePage.getGetComputerLink(HomePage.java:35)
at objectrepository.HomePage.getGetComputerLink(HomePage.java:35)
at objectrepository.HomePage.getGetComputerLink(HomePage.java:35)
at objectrepository.HomePage.getGetComputerLink(HomePage.java:35)
at objectrepository.HomePage.getGetComputerLink(HomePage.java:35)
at objectrepository.HomePage.getGetComputerLink(HomePage.java:35)
at objectrepository.HomePage.getGetComputerLink(HomePage.java:35)
at objectrepository.HomePage.getGetComputerLink(HomePage.java:35)
at objectrepository.HomePage.getGetComputerLink(HomePage.java:35)
at objectrepository.HomePage.getGetComputerLink(HomePage.java:35)
at objectrepository.HomePage.getGetComputerLink(HomePage.java:35)
at objectrepository.HomePage.getGetComputerLink(HomePage.java:35)
at objectrepository.HomePage.getGetComputerLink(HomePage.java:35)
at objectrepository.HomePage.getGetComputerLink(HomePage.java:35)
at objectrepository.HomePage.getGetComputerLink(HomePage.java:35)
at objectrepository.HomePage.getGetComputerLink(HomePage.java:35)
at objectrepository.HomePage.getGetComputerLink(HomePage.java:35)
at objectrepository.HomePage.getGetComputerLink(HomePage.java:35)
at objectrepository.HomePage.getGetComputerLink(HomePage.java:35)
at objectrepository.HomePage.getGetComputerLink(HomePage.java:35)
at objectrepository.HomePage.getGetComputerLink(HomePage.java:35)
at objectrepository.HomePage.getGetComputerLink(HomePage.java:35)
at objectrepository.HomePage.getGetComputerLink(HomePage.java:35)
at objectrepository.HomePage.getGetComputerLink(HomePage.java:35)
at objectrepository.HomePage.getGetComputerLink(HomePage.java:35)
at objectrepository.HomePage.getGetComputerLink(HomePage.java:35)
at objectrepository.HomePage.getGetComputerLink(HomePage.java:35)
at objectrepository.HomePage.getGetComputerLink(HomePage.java:35)
at objectrepository.HomePage.getGetComputerLink(HomePage.java:35)
at objectrepository.HomePage.getGetComputerLink(HomePage.java:35)
at objectrepository.HomePage.getGetComputerLink(HomePage.java:35)
at objectrepository.HomePage.getGetComputerLink(HomePage.java:35)
at objectrepository.HomePage.getGetComputerLink(HomePage.java:35)
at objectrepository.HomePage.getGetComputerLink(HomePage.java:35)
at objectrepository.HomePage.getGetComputerLink(HomePage.java:35)
at objectrepository.HomePage.getGetComputerLink(HomePage.java:35)
at objectrepository.HomePage.getGetComputerLink(HomePage.java:35)
at objectrepository.HomePage.getGetComputerLink(HomePage.java:35)
at objectrepository.HomePage.getGetComputerLink(HomePage.java:35)
at objectrepository.HomePage.getGetComputerLink(HomePage.java:35)
at objectrepository.HomePage.getGetComputerLink(HomePage.java:35)
at objectrepository.HomePage.getGetComputerLink(HomePage.java:35)
at objectrepository.HomePage.getGetComputerLink(HomePage.java:35)
at objectrepository.HomePage.getGetComputerLink(HomePage.java:35)
at objectrepository.HomePage.getGetComputerLink(HomePage.java:35)
at objectrepository.HomePage.getGetComputerLink(HomePage.java:35)
at objectrepository.HomePage.getGetComputerLink(HomePage.java:35)
at objectrepository.HomePage.getGetComputerLink(HomePage.java:35)
at objectrepository.HomePage.getGetComputerLink(HomePage.java:35)
at objectrepository.HomePage.getGetComputerLink(HomePage.java:35)
at objectrepository.HomePage.getGetComputerLink(HomePage.java:35)
at objectrepository.HomePage.getGetComputerLink(HomePage.java:35)
at objectrepository.HomePage.getGetComputerLink(HomePage.java:35)
at objectrepository.HomePage.getGetComputerLink(HomePage.java:35)
at objectrepository.HomePage.getGetComputerLink(HomePage.java:35)
at objectrepository.HomePage.getGetComputerLink(HomePage.java:35)
at objectrepository.HomePage.getGetComputerLink(HomePage.java:35)
at objectrepository.HomePage.getGetComputerLink(HomePage.java:35)
at objectrepository.HomePage.getGetComputerLink(HomePage.java:35)
at objectrepository.HomePage.getGetComputerLink(HomePage.java:35)
at objectrepository.HomePage.getGetComputerLink(HomePage.java:35)
at objectrepository.HomePage.getGetComputerLink(HomePage.java:35)
at objectrepository.HomePage.getGetComputerLink(HomePage.java:35)
at objectrepository.HomePage.getGetComputerLink(HomePage.java:35)
at objectrepository.HomePage.getGetComputerLink(HomePage.java:35)
at objectrepository.HomePage.getGetComputerLink(HomePage.java:35)
at objectrepository.HomePage.getGetComputerLink(HomePage.java:35)
at objectrepository.HomePage.getGetComputerLink(HomePage.java:35)
at objectrepository.HomePage.getGetComputerLink(HomePage.java:35)
at objectrepository.HomePage.getGetComputerLink(HomePage.java:35)
at objectrepository.HomePage.getGetComputerLink(HomePage.java:35)
at objectrepository.HomePage.getGetComputerLink(HomePage.java:35)
at objectrepository.HomePage.getGetComputerLink(HomePage.java:35)
at objectrepository.HomePage.getGetComputerLink(HomePage.java:35)
at objectrepository.HomePage.getGetComputerLink(HomePage.java:35)
at objectrepository.HomePage.getGetComputerLink(HomePage.java:35)
at objectrepository.HomePage.getGetComputerLink(HomePage.java:35)
at objectrepository.HomePage.getGetComputerLink(HomePage.java:35)
at objectrepository.HomePage.getGetComputerLink(HomePage.java:35)
at objectrepository.HomePage.getGetComputerLink(HomePage.java:35)
at objectrepository.HomePage.getGetComputerLink(HomePage.java:35)
at objectrepository.HomePage.getGetComputerLink(HomePage.java:35)
at objectrepository.HomePage.getGetComputerLink(HomePage.java:35)
at objectrepository.HomePage.getGetComputerLink(HomePage.java:35)
at objectrepository.HomePage.getGetComputerLink(HomePage.java:35)
at objectrepository.HomePage.getGetComputerLink(HomePage.java:35)
at objectrepository.HomePage.getGetComputerLink(HomePage.java:35)
at objectrepository.HomePage.getGetComputerLink(HomePage.java:35)
at objectrepository.HomePage.getGetComputerLink(HomePage.java:35)
at objectrepository.HomePage.getGetComputerLink(HomePage.java:35)
at objectrepository.HomePage.getGetComputerLink(HomePage.java:35)
at objectrepository.HomePage.getGetComputerLink(HomePage.java:35)
at objectrepository.HomePage.getGetComputerLink(HomePage.java:35)
at objectrepository.HomePage.getGetComputerLink(HomePage.java:35)
at objectrepository.HomePage.getGetComputerLink(HomePage.java:35)
at objectrepository.HomePage.getGetComputerLink(HomePage.java:35)
at objectrepository.HomePage.getGetComputerLink(HomePage.java:35)
at objectrepository.HomePage.getGetComputerLink(HomePage.java:35)
at objectrepository.HomePage.getGetComputerLink(HomePage.java:35)
at objectrepository.HomePage.getGetComputerLink(HomePage.java:35)
at objectrepository.HomePage.getGetComputerLink(HomePage.java:35)
at objectrepository.HomePage.getGetComputerLink(HomePage.java:35)
at objectrepository.HomePage.getGetComputerLink(HomePage.java:35)
at objectrepository.HomePage.getGetComputerLink(HomePage.java:35)
at objectrepository.HomePage.getGetComputerLink(HomePage.java:35)
at objectrepository.HomePage.getGetComputerLink(HomePage.java:35)
at objectrepository.HomePage.getGetComputerLink(HomePage.java:35)
at objectrepository.HomePage.getGetComputerLink(HomePage.java:35)
at objectrepository.HomePage.getGetComputerLink(HomePage.java:35)
at objectrepository.HomePage.getGetComputerLink(HomePage.java:35)
at objectrepository.HomePage.getGetComputerLink(HomePage.java:35)
at objectrepository.HomePage.getGetComputerLink(HomePage.java:35)
at objectrepository.HomePage.getGetComputerLink(HomePage.java:35)
at objectrepository.HomePage.getGetComputerLink(HomePage.java:35)
at objectrepository.HomePage.getGetComputerLink(HomePage.java:35)
at objectrepository.HomePage.getGetComputerLink(HomePage.java:35)
at objectrepository.HomePage.getGetComputerLink(HomePage.java:35)
at objectrepository.HomePage.getGetComputerLink(HomePage.java:35)
at objectrepository.HomePage.getGetComputerLink(HomePage.java:35)
at objectrepository.HomePage.getGetComputerLink(HomePage.java:35)
at objectrepository.HomePage.getGetComputerLink(HomePage.java:35)
at objectrepository.HomePage.getGetComputerLink(HomePage.java:35)
at objectrepository.HomePage.getGetComputerLink(HomePage.java:35)
at objectrepository.HomePage.getGetComputerLink(HomePage.java:35)
at objectrepository.HomePage.getGetComputerLink(HomePage.java:35)
at objectrepository.HomePage.getGetComputerLink(HomePage.java:35)
at objectrepository.HomePage.getGetComputerLink(HomePage.java:35)
at objectrepository.HomePage.getGetComputerLink(HomePage.java:35)
at objectrepository.HomePage.getGetComputerLink(HomePage.java:35)
at objectrepository.HomePage.getGetComputerLink(HomePage.java:35)
at objectrepository.HomePage.getGetComputerLink(HomePage.java:35)
at objectrepository.HomePage.getGetComputerLink(HomePage.java:35)
at objectrepository.HomePage.getGetComputerLink(HomePage.java:35)
at objectrepository.HomePage.getGetComputerLink(HomePage.java:35)
at objectrepository.HomePage.getGetComputerLink(HomePage.java:35)
at objectrepository.HomePage.getGetComputerLink(HomePage.java:35)
at objectrepository.HomePage.getGetComputerLink(HomePage.java:35)
at objectrepository.HomePage.getGetComputerLink(HomePage.java:35)
at objectrepository.HomePage.getGetComputerLink(HomePage.java:35)
at objectrepository.HomePage.getGetComputerLink(HomePage.java:35)
at objectrepository.HomePage.getGetComputerLink(HomePage.java:35)
at objectrepository.HomePage.getGetComputerLink(HomePage.java:35)
at objectrepository.HomePage.getGetComputerLink(HomePage.java:35)
at objectrepository.HomePage.getGetComputerLink(HomePage.java:35)
at objectrepository.HomePage.getGetComputerLink(HomePage.java:35)
at objectrepository.HomePage.getGetComputerLink(HomePage.java:35)
at objectrepository.HomePage.getGetComputerLink(HomePage.java:35)
at objectrepository.HomePage.getGetComputerLink(HomePage.java:35)
at objectrepository.HomePage.getGetComputerLink(HomePage.java:35)
at objectrepository.HomePage.getGetComputerLink(HomePage.java:35)
at objectrepository.HomePage.getGetComputerLink(HomePage.java:35)
at objectrepository.HomePage.getGetComputerLink(HomePage.java:35)
at objectrepository.HomePage.getGetComputerLink(HomePage.java:35)
at objectrepository.HomePage.getGetComputerLink(HomePage.java:35)
at objectrepository.HomePage.getGetComputerLink(HomePage.java:35)
at objectrepository.HomePage.getGetComputerLink(HomePage.java:35)
at objectrepository.HomePage.getGetComputerLink(HomePage.java:35)
at objectrepository.HomePage.getGetComputerLink(HomePage.java:35)
at objectrepository.HomePage.getGetComputerLink(HomePage.java:35)
at objectrepository.HomePage.getGetComputerLink(HomePage.java:35)
at objectrepository.HomePage.getGetComputerLink(HomePage.java:35)
at objectrepository.HomePage.getGetComputerLink(HomePage.java:35)
at objectrepository.HomePage.getGetComputerLink(HomePage.java:35)
at objectrepository.HomePage.getGetComputerLink(HomePage.java:35)
at objectrepository.HomePage.getGetComputerLink(HomePage.java:35)
at objectrepository.HomePage.getGetComputerLink(HomePage.java:35)
at objectrepository.HomePage.getGetComputerLink(HomePage.java:35)
at objectrepository.HomePage.getGetComputerLink(HomePage.java:35)
at objectrepository.HomePage.getGetComputerLink(HomePage.java:35)
at objectrepository.HomePage.getGetComputerLink(HomePage.java:35)
at objectrepository.HomePage.getGetComputerLink(HomePage.java:35)
at objectrepository.HomePage.getGetComputerLink(HomePage.java:35)
at objectrepository.HomePage.getGetComputerLink(HomePage.java:35)
at objectrepository.HomePage.getGetComputerLink(HomePage.java:35)
at objectrepository.HomePage.getGetComputerLink(HomePage.java:35)
at objectrepository.HomePage.getGetComputerLink(HomePage.java:35)
at objectrepository.HomePage.getGetComputerLink(HomePage.java:35)
at objectrepository.HomePage.getGetComputerLink(HomePage.java:35)
at objectrepository.HomePage.getGetComputerLink(HomePage.java:35)
at objectrepository.HomePage.getGetComputerLink(HomePage.java:35)
at objectrepository.HomePage.getGetComputerLink(HomePage.java:35)
at objectrepository.HomePage.getGetComputerLink(HomePage.java:35)
at objectrepository.HomePage.getGetComputerLink(HomePage.java:35)
at objectrepository.HomePage.getGetComputerLink(HomePage.java:35)
at objectrepository.HomePage.getGetComputerLink(HomePage.java:35)
at objectrepository.HomePage.getGetComputerLink(HomePage.java:35)
at objectrepository.HomePage.getGetComputerLink(HomePage.java:35)
at objectrepository.HomePage.getGetComputerLink(HomePage.java:35)
at objectrepository.HomePage.getGetComputerLink(HomePage.java:35)
at objectrepository.HomePage.getGetComputerLink(HomePage.java:35)
at objectrepository.HomePage.getGetComputerLink(HomePage.java:35)
at objectrepository.HomePage.getGetComputerLink(HomePage.java:35)
at objectrepository.HomePage.getGetComputerLink(HomePage.java:35)
at objectrepository.HomePage.getGetComputerLink(HomePage.java:35)
at objectrepository.HomePage.getGetComputerLink(HomePage.java:35)
at objectrepository.HomePage.getGetComputerLink(HomePage.java:35)
at objectrepository.HomePage.getGetComputerLink(HomePage.java:35)
at objectrepository.HomePage.getGetComputerLink(HomePage.java:35)
at objectrepository.HomePage.getGetComputerLink(HomePage.java:35)
at objectrepository.HomePage.getGetComputerLink(HomePage.java:35)
at objectrepository.HomePage.getGetComputerLink(HomePage.java:35)
at objectrepository.HomePage.getGetComputerLink(HomePage.java:35)
at objectrepository.HomePage.getGetComputerLink(HomePage.java:35)
at objectrepository.HomePage.getGetComputerLink(HomePage.java:35)
at objectrepository.HomePage.getGetComputerLink(HomePage.java:35)
at objectrepository.HomePage.getGetComputerLink(HomePage.java:35)
at objectrepository.HomePage.getGetComputerLink(HomePage.java:35)
at objectrepository.HomePage.getGetComputerLink(HomePage.java:35)
at objectrepository.HomePage.getGetComputerLink(HomePage.java:35)
at objectrepository.HomePage.getGetComputerLink(HomePage.java:35)
at objectrepository.HomePage.getGetComputerLink(HomePage.java:35)
at objectrepository.HomePage.getGetComputerLink(HomePage.java:35)
at objectrepository.HomePage.getGetComputerLink(HomePage.java:35)
at objectrepository.HomePage.getGetComputerLink(HomePage.java:35)
at objectrepository.HomePage.getGetComputerLink(HomePage.java:35)
at objectrepository.HomePage.getGetComputerLink(HomePage.java:35)
at objectrepository.HomePage.getGetComputerLink(HomePage.java:35)
at objectrepository.HomePage.getGetComputerLink(HomePage.java:35)
at objectrepository.HomePage.getGetComputerLink(HomePage.java:35)
at objectrepository.HomePage.getGetComputerLink(HomePage.java:35)
at objectrepository.HomePage.getGetComputerLink(HomePage.java:35)
at objectrepository.HomePage.getGetComputerLink(HomePage.java:35)
at objectrepository.HomePage.getGetComputerLink(HomePage.java:35)
at objectrepository.HomePage.getGetComputerLink(HomePage.java:35)
at objectrepository.HomePage.getGetComputerLink(HomePage.java:35)
at objectrepository.HomePage.getGetComputerLink(HomePage.java:35)
at objectrepository.HomePage.getGetComputerLink(HomePage.java:35)
at objectrepository.HomePage.getGetComputerLink(HomePage.java:35)
at objectrepository.HomePage.getGetComputerLink(HomePage.java:35)
at objectrepository.HomePage.getGetComputerLink(HomePage.java:35)
at objectrepository.HomePage.getGetComputerLink(HomePage.java:35)
at objectrepository.HomePage.getGetComputerLink(HomePage.java:35)
at objectrepository.HomePage.getGetComputerLink(HomePage.java:35)
at objectrepository.HomePage.getGetComputerLink(HomePage.java:35)
at objectrepository.HomePage.getGetComputerLink(HomePage.java:35)
at objectrepository.HomePage.getGetComputerLink(HomePage.java:35)
at objectrepository.HomePage.getGetComputerLink(HomePage.java:35)
at objectrepository.HomePage.getGetComputerLink(HomePage.java:35)
at objectrepository.HomePage.getGetComputerLink(HomePage.java:35)
at objectrepository.HomePage.getGetComputerLink(HomePage.java:35)
at objectrepository.HomePage.getGetComputerLink(HomePage.java:35)
at objectrepository.HomePage.getGetComputerLink(HomePage.java:35)
at objectrepository.HomePage.getGetComputerLink(HomePage.java:35)
at objectrepository.HomePage.getGetComputerLink(HomePage.java:35)
at objectrepository.HomePage.getGetComputerLink(HomePage.java:35)
at objectrepository.HomePage.getGetComputerLink(HomePage.java:35)
at objectrepository.HomePage.getGetComputerLink(HomePage.java:35)
at objectrepository.HomePage.getGetComputerLink(HomePage.java:35)
at objectrepository.HomePage.getGetComputerLink(HomePage.java:35)
at objectrepository.HomePage.getGetComputerLink(HomePage.java:35)
at objectrepository.HomePage.getGetComputerLink(HomePage.java:35)
at objectrepository.HomePage.getGetComputerLink(HomePage.java:35)
at objectrepository.HomePage.getGetComputerLink(HomePage.java:35)
at objectrepository.HomePage.getGetComputerLink(HomePage.java:35)
at objectrepository.HomePage.getGetComputerLink(HomePage.java:35)
at objectrepository.HomePage.getGetComputerLink(HomePage.java:35)
at objectrepository.HomePage.getGetComputerLink(HomePage.java:35)
at objectrepository.HomePage.getGetComputerLink(HomePage.java:35)
at objectrepository.HomePage.getGetComputerLink(HomePage.java:35)
at objectrepository.HomePage.getGetComputerLink(HomePage.java:35)
at objectrepository.HomePage.getGetComputerLink(HomePage.java:35)
at objectrepository.HomePage.getGetComputerLink(HomePage.java:35)
at objectrepository.HomePage.getGetComputerLink(HomePage.java:35)
at objectrepository.HomePage.getGetComputerLink(HomePage.java:35)
at objectrepository.HomePage.getGetComputerLink(HomePage.java:35)
at objectrepository.HomePage.getGetComputerLink(HomePage.java:35)
at objectrepository.HomePage.getGetComputerLink(HomePage.java:35)
at objectrepository.HomePage.getGetComputerLink(HomePage.java:35)
at objectrepository.HomePage.getGetComputerLink(HomePage.java:35)
at objectrepository.HomePage.getGetComputerLink(HomePage.java:35)
at objectrepository.HomePage.getGetComputerLink(HomePage.java:35)
at objectrepository.HomePage.getGetComputerLink(HomePage.java:35)
at objectrepository.HomePage.getGetComputerLink(HomePage.java:35)
at objectrepository.HomePage.getGetComputerLink(HomePage.java:35)
at objectrepository.HomePage.getGetComputerLink(HomePage.java:35)
at objectrepository.HomePage.getGetComputerLink(HomePage.java:35)
at objectrepository.HomePage.getGetComputerLink(HomePage.java:35)
at objectrepository.HomePage.getGetComputerLink(HomePage.java:35)
at objectrepository.HomePage.getGetComputerLink(HomePage.java:35)
at objectrepository.HomePage.getGetComputerLink(HomePage.java:35)
at objectrepository.HomePage.getGetComputerLink(HomePage.java:35)
at objectrepository.HomePage.getGetComputerLink(HomePage.java:35)
at objectrepository.HomePage.getGetComputerLink(HomePage.java:35)
at objectrepository.HomePage.getGetComputerLink(HomePage.java:35)
at objectrepository.HomePage.getGetComputerLink(HomePage.java:35)
at objectrepository.HomePage.getGetComputerLink(HomePage.java:35)
at objectrepository.HomePage.getGetComputerLink(HomePage.java:35)
at objectrepository.HomePage.getGetComputerLink(HomePage.java:35)
at objectrepository.HomePage.getGetComputerLink(HomePage.java:35)
at objectrepository.HomePage.getGetComputerLink(HomePage.java:35)
at objectrepository.HomePage.getGetComputerLink(HomePage.java:35)
at objectrepository.HomePage.getGetComputerLink(HomePage.java:35)
at objectrepository.HomePage.getGetComputerLink(HomePage.java:35)
at objectrepository.HomePage.getGetComputerLink(HomePage.java:35)
at objectrepository.HomePage.getGetComputerLink(HomePage.java:35)
at objectrepository.HomePage.getGetComputerLink(HomePage.java:35)
at objectrepository.HomePage.getGetComputerLink(HomePage.java:35)
at objectrepository.HomePage.getGetComputerLink(HomePage.java:35)
at objectrepository.HomePage.getGetComputerLink(HomePage.java:35)
at objectrepository.HomePage.getGetComputerLink(HomePage.java:35)
at objectrepository.HomePage.getGetComputerLink(HomePage.java:35)
at objectrepository.HomePage.getGetComputerLink(HomePage.java:35)
at objectrepository.HomePage.getGetComputerLink(HomePage.java:35)
at objectrepository.HomePage.getGetComputerLink(HomePage.java:35)
at objectrepository.HomePage.getGetComputerLink(HomePage.java:35)
at objectrepository.HomePage.getGetComputerLink(HomePage.java:35)
at objectrepository.HomePage.getGetComputerLink(HomePage.java:35)
at objectrepository.HomePage.getGetComputerLink(HomePage.java:35)
at objectrepository.HomePage.getGetComputerLink(HomePage.java:35)
at objectrepository.HomePage.getGetComputerLink(HomePage.java:35)
at objectrepository.HomePage.getGetComputerLink(HomePage.java:35)
at objectrepository.HomePage.getGetComputerLink(HomePage.java:35)
at objectrepository.HomePage.getGetComputerLink(HomePage.java:35)
at objectrepository.HomePage.getGetComputerLink(HomePage.java:35)
at objectrepository.HomePage.getGetComputerLink(HomePage.java:35)
at objectrepository.HomePage.getGetComputerLink(HomePage.java:35)
at objectrepository.HomePage.getGetComputerLink(HomePage.java:35)
at objectrepository.HomePage.getGetComputerLink(HomePage.java:35)
at objectrepository.HomePage.getGetComputerLink(HomePage.java:35)
at objectrepository.HomePage.getGetComputerLink(HomePage.java:35)
at objectrepository.HomePage.getGetComputerLink(HomePage.java:35)
at objectrepository.HomePage.getGetComputerLink(HomePage.java:35)
at objectrepository.HomePage.getGetComputerLink(HomePage.java:35)
at objectrepository.HomePage.getGetComputerLink(HomePage.java:35)
at objectrepository.HomePage.getGetComputerLink(HomePage.java:35)
at objectrepository.HomePage.getGetComputerLink(HomePage.java:35)
at objectrepository.HomePage.getGetComputerLink(HomePage.java:35)
at objectrepository.HomePage.getGetComputerLink(HomePage.java:35)
at objectrepository.HomePage.getGetComputerLink(HomePage.java:35)
at objectrepository.HomePage.getGetComputerLink(HomePage.java:35)
at objectrepository.HomePage.getGetComputerLink(HomePage.java:35)
at objectrepository.HomePage.getGetComputerLink(HomePage.java:35)
at objectrepository.HomePage.getGetComputerLink(HomePage.java:35)
at objectrepository.HomePage.getGetComputerLink(HomePage.java:35)
at objectrepository.HomePage.getGetComputerLink(HomePage.java:35)
at objectrepository.HomePage.getGetComputerLink(HomePage.java:35)
at objectrepository.HomePage.getGetComputerLink(HomePage.java:35)
at objectrepository.HomePage.getGetComputerLink(HomePage.java:35)
at objectrepository.HomePage.getGetComputerLink(HomePage.java:35)
at objectrepository.HomePage.getGetComputerLink(HomePage.java:35)
at objectrepository.HomePage.getGetComputerLink(HomePage.java:35)
at objectrepository.HomePage.getGetComputerLink(HomePage.java:35)
at objectrepository.HomePage.getGetComputerLink(HomePage.java:35)
at objectrepository.HomePage.getGetComputerLink(HomePage.java:35)
at objectrepository.HomePage.getGetComputerLink(HomePage.java:35)
at objectrepository.HomePage.getGetComputerLink(HomePage.java:35)
at objectrepository.HomePage.getGetComputerLink(HomePage.java:35)
at objectrepository.HomePage.getGetComputerLink(HomePage.java:35)
at objectrepository.HomePage.getGetComputerLink(HomePage.java:35)
at objectrepository.HomePage.getGetComputerLink(HomePage.java:35)
at objectrepository.HomePage.getGetComputerLink(HomePage.java:35)
at objectrepository.HomePage.getGetComputerLink(HomePage.java:35)
at objectrepository.HomePage.getGetComputerLink(HomePage.java:35)
at objectrepository.HomePage.getGetComputerLink(HomePage.java:35)
at objectrepository.HomePage.getGetComputerLink(HomePage.java:35)
at objectrepository.HomePage.getGetComputerLink(HomePage.java:35)
at objectrepository.HomePage.getGetComputerLink(HomePage.java:35)
at objectrepository.HomePage.getGetComputerLink(HomePage.java:35)
at objectrepository.HomePage.getGetComputerLink(HomePage.java:35)
at objectrepository.HomePage.getGetComputerLink(HomePage.java:35)
at objectrepository.HomePage.getGetComputerLink(HomePage.java:35)
at objectrepository.HomePage.getGetComputerLink(HomePage.java:35)
at objectrepository.HomePage.getGetComputerLink(HomePage.java:35)
at objectrepository.HomePage.getGetComputerLink(HomePage.java:35)
at objectrepository.HomePage.getGetComputerLink(HomePage.java:35)
at objectrepository.HomePage.getGetComputerLink(HomePage.java:35)
at objectrepository.HomePage.getGetComputerLink(HomePage.java:35)
at objectrepository.HomePage.getGetComputerLink(HomePage.java:35)
at objectrepository.HomePage.getGetComputerLink(HomePage.java:35)
at objectrepository.HomePage.getGetComputerLink(HomePage.java:35)
at objectrepository.HomePage.getGetComputerLink(HomePage.java:35)
at objectrepository.HomePage.getGetComputerLink(HomePage.java:35)
at objectrepository.HomePage.getGetComputerLink(HomePage.java:35)
at objectrepository.HomePage.getGetComputerLink(HomePage.java:35)
at objectrepository.HomePage.getGetComputerLink(HomePage.java:35)
at objectrepository.HomePage.getGetComputerLink(HomePage.java:35)
at objectrepository.HomePage.getGetComputerLink(HomePage.java:35)
at objectrepository.HomePage.getGetComputerLink(HomePage.java:35)
at objectrepository.HomePage.getGetComputerLink(HomePage.java:35)
at objectrepository.HomePage.getGetComputerLink(HomePage.java:35)
at objectrepository.HomePage.getGetComputerLink(HomePage.java:35)
at objectrepository.HomePage.getGetComputerLink(HomePage.java:35)
at objectrepository.HomePage.getGetComputerLink(HomePage.java:35)
at objectrepository.HomePage.getGetComputerLink(HomePage.java:35)
at objectrepository.HomePage.getGetComputerLink(HomePage.java:35)
at objectrepository.HomePage.getGetComputerLink(HomePage.java:35)
at objectrepository.HomePage.getGetComputerLink(HomePage.java:35)
at objectrepository.HomePage.getGetComputerLink(HomePage.java:35)
at objectrepository.HomePage.getGetComputerLink(HomePage.java:35)
at objectrepository.HomePage.getGetComputerLink(HomePage.java:35)
at objectrepository.HomePage.getGetComputerLink(HomePage.java:35)
at objectrepository.HomePage.getGetComputerLink(HomePage.java:35)
at objectrepository.HomePage.getGetComputerLink(HomePage.java:35)
at objectrepository.HomePage.getGetComputerLink(HomePage.java:35)
at objectrepository.HomePage.getGetComputerLink(HomePage.java:35)
at objectrepository.HomePage.getGetComputerLink(HomePage.java:35)
at objectrepository.HomePage.getGetComputerLink(HomePage.java:35)
at objectrepository.HomePage.getGetComputerLink(HomePage.java:35)
at objectrepository.HomePage.getGetComputerLink(HomePage.java:35)
at objectrepository.HomePage.getGetComputerLink(HomePage.java:35)
at objectrepository.HomePage.getGetComputerLink(HomePage.java:35)
at objectrepository.HomePage.getGetComputerLink(HomePage.java:35)
at objectrepository.HomePage.getGetComputerLink(HomePage.java:35)
at objectrepository.HomePage.getGetComputerLink(HomePage.java:35)
at objectrepository.HomePage.getGetComputerLink(HomePage.java:35)
at objectrepository.HomePage.getGetComputerLink(HomePage.java:35)
at objectrepository.HomePage.getGetComputerLink(HomePage.java:35)
at objectrepository.HomePage.getGetComputerLink(HomePage.java:35)
at objectrepository.HomePage.getGetComputerLink(HomePage.java:35)
at objectrepository.HomePage.getGetComputerLink(HomePage.java:35)
at objectrepository.HomePage.getGetComputerLink(HomePage.java:35)
at objectrepository.HomePage.getGetComputerLink(HomePage.java:35)
at objectrepository.HomePage.getGetComputerLink(HomePage.java:35)
at objectrepository.HomePage.getGetComputerLink(HomePage.java:35)
at objectrepository.HomePage.getGetComputerLink(HomePage.java:35)
at objectrepository.HomePage.getGetComputerLink(HomePage.java:35)
at objectrepository.HomePage.getGetComputerLink(HomePage.java:35)
at objectrepository.HomePage.getGetComputerLink(HomePage.java:35)
at objectrepository.HomePage.getGetComputerLink(HomePage.java:35)
at objectrepository.HomePage.getGetComputerLink(HomePage.java:35)
at objectrepository.HomePage.getGetComputerLink(HomePage.java:35)
at objectrepository.HomePage.getGetComputerLink(HomePage.java:35)
at objectrepository.HomePage.getGetComputerLink(HomePage.java:35)
at objectrepository.HomePage.getGetComputerLink(HomePage.java:35)
at objectrepository.HomePage.getGetComputerLink(HomePage.java:35)
at objectrepository.HomePage.getGetComputerLink(HomePage.java:35)
at objectrepository.HomePage.getGetComputerLink(HomePage.java:35)
at objectrepository.HomePage.getGetComputerLink(HomePage.java:35)
at objectrepository.HomePage.getGetComputerLink(HomePage.java:35)
at objectrepository.HomePage.getGetComputerLink(HomePage.java:35)
at objectrepository.HomePage.getGetComputerLink(HomePage.java:35)
at objectrepository.HomePage.getGetComputerLink(HomePage.java:35)
at objectrepository.HomePage.getGetComputerLink(HomePage.java:35)
at objectrepository.HomePage.getGetComputerLink(HomePage.java:35)
at objectrepository.HomePage.getGetComputerLink(HomePage.java:35)
at objectrepository.HomePage.getGetComputerLink(HomePage.java:35)
at objectrepository.HomePage.getGetComputerLink(HomePage.java:35)
at objectrepository.HomePage.getGetComputerLink(HomePage.java:35)
at objectrepository.HomePage.getGetComputerLink(HomePage.java:35)
at objectrepository.HomePage.getGetComputerLink(HomePage.java:35)
at objectrepository.HomePage.getGetComputerLink(HomePage.java:35)
at objectrepository.HomePage.getGetComputerLink(HomePage.java:35)
at objectrepository.HomePage.getGetComputerLink(HomePage.java:35)
at objectrepository.HomePage.getGetComputerLink(HomePage.java:35)
at objectrepository.HomePage.getGetComputerLink(HomePage.java:35)
at objectrepository.HomePage.getGetComputerLink(HomePage.java:35)
at objectrepository.HomePage.getGetComputerLink(HomePage.java:35)
at objectrepository.HomePage.getGetComputerLink(HomePage.java:35)
at objectrepository.HomePage.getGetComputerLink(HomePage.java:35)
at objectrepository.HomePage.getGetComputerLink(HomePage.java:35)
at objectrepository.HomePage.getGetComputerLink(HomePage.java:35)
at objectrepository.HomePage.getGetComputerLink(HomePage.java:35)
at objectrepository.HomePage.getGetComputerLink(HomePage.java:35)
at objectrepository.HomePage.getGetComputerLink(HomePage.java:35)
at objectrepository.HomePage.getGetComputerLink(HomePage.java:35)
at objectrepository.HomePage.getGetComputerLink(HomePage.java:35)
at objectrepository.HomePage.getGetComputerLink(HomePage.java:35)
at objectrepository.HomePage.getGetComputerLink(HomePage.java:35)
at objectrepository.HomePage.getGetComputerLink(HomePage.java:35)
at objectrepository.HomePage.getGetComputerLink(HomePage.java:35)
at objectrepository.HomePage.getGetComputerLink(HomePage.java:35)
at objectrepository.HomePage.getGetComputerLink(HomePage.java:35)
at objectrepository.HomePage.getGetComputerLink(HomePage.java:35)
at objectrepository.HomePage.getGetComputerLink(HomePage.java:35)
at objectrepository.HomePage.getGetComputerLink(HomePage.java:35)
at objectrepository.HomePage.getGetComputerLink(HomePage.java:35)
at objectrepository.HomePage.getGetComputerLink(HomePage.java:35)
at objectrepository.HomePage.getGetComputerLink(HomePage.java:35)
at objectrepository.HomePage.getGetComputerLink(HomePage.java:35)
at objectrepository.HomePage.getGetComputerLink(HomePage.java:35)
at objectrepository.HomePage.getGetComputerLink(HomePage.java:35)
at objectrepository.HomePage.getGetComputerLink(HomePage.java:35)
at objectrepository.HomePage.getGetComputerLink(HomePage.java:35)
at objectrepository.HomePage.getGetComputerLink(HomePage.java:35)
at objectrepository.HomePage.getGetComputerLink(HomePage.java:35)
at objectrepository.HomePage.getGetComputerLink(HomePage.java:35)
at objectrepository.HomePage.getGetComputerLink(HomePage.java:35)
at objectrepository.HomePage.getGetComputerLink(HomePage.java:35)
at objectrepository.HomePage.getGetComputerLink(HomePage.java:35)
at objectrepository.HomePage.getGetComputerLink(HomePage.java:35)
at objectrepository.HomePage.getGetComputerLink(HomePage.java:35)
at objectrepository.HomePage.getGetComputerLink(HomePage.java:35)
at objectrepository.HomePage.getGetComputerLink(HomePage.java:35)
at objectrepository.HomePage.getGetComputerLink(HomePage.java:35)
at objectrepository.HomePage.getGetComputerLink(HomePage.java:35)
at objectrepository.HomePage.getGetComputerLink(HomePage.java:35)
at objectrepository.HomePage.getGetComputerLink(HomePage.java:35)
at objectrepository.HomePage.getGetComputerLink(HomePage.java:35)
at objectrepository.HomePage.getGetComputerLink(HomePage.java:35)
at objectrepository.HomePage.getGetComputerLink(HomePage.java:35)
at objectrepository.HomePage.getGetComputerLink(HomePage.java:35)
at objectrepository.HomePage.getGetComputerLink(HomePage.java:35)
at objectrepository.HomePage.getGetComputerLink(HomePage.java:35)
at objectrepository.HomePage.getGetComputerLink(HomePage.java:35)
at objectrepository.HomePage.getGetComputerLink(HomePage.java:35)
at objectrepository.HomePage.getGetComputerLink(HomePage.java:35)
at objectrepository.HomePage.getGetComputerLink(HomePage.java:35)
at objectrepository.HomePage.getGetComputerLink(HomePage.java:35)
at objectrepository.HomePage.getGetComputerLink(HomePage.java:35)
at objectrepository.HomePage.getGetComputerLink(HomePage.java:35)
at objectrepository.HomePage.getGetComputerLink(HomePage.java:35)
at objectrepository.HomePage.getGetComputerLink(HomePage.java:35)
at objectrepository.HomePage.getGetComputerLink(HomePage.java:35)
at objectrepository.HomePage.getGetComputerLink(HomePage.java:35)
at objectrepository.HomePage.getGetComputerLink(HomePage.java:35)
at objectrepository.HomePage.getGetComputerLink(HomePage.java:35)
at objectrepository.HomePage.getGetComputerLink(HomePage.java:35)
at objectrepository.HomePage.getGetComputerLink(HomePage.java:35)
at objectrepository.HomePage.getGetComputerLink(HomePage.java:35)
at objectrepository.HomePage.getGetComputerLink(HomePage.java:35)
at objectrepository.HomePage.getGetComputerLink(HomePage.java:35)
at objectrepository.HomePage.getGetComputerLink(HomePage.java:35)
at objectrepository.HomePage.getGetComputerLink(HomePage.java:35)
at objectrepository.HomePage.getGetComputerLink(HomePage.java:35)
at objectrepository.HomePage.getGetComputerLink(HomePage.java:35)
at objectrepository.HomePage.getGetComputerLink(HomePage.java:35)
at objectrepository.HomePage.getGetComputerLink(HomePage.java:35)
at objectrepository.HomePage.getGetComputerLink(HomePage.java:35)
at objectrepository.HomePage.getGetComputerLink(HomePage.java:35)
at objectrepository.HomePage.getGetComputerLink(HomePage.java:35)
at objectrepository.HomePage.getGetComputerLink(HomePage.java:35)
at objectrepository.HomePage.getGetComputerLink(HomePage.java:35)
at objectrepository.HomePage.getGetComputerLink(HomePage.java:35)
at objectrepository.HomePage.getGetComputerLink(HomePage.java:35)
at objectrepository.HomePage.getGetComputerLink(HomePage.java:35)
at objectrepository.HomePage.getGetComputerLink(HomePage.java:35)
at objectrepository.HomePage.getGetComputerLink(HomePage.java:35)
at objectrepository.HomePage.getGetComputerLink(HomePage.java:35)
at objectrepository.HomePage.getGetComputerLink(HomePage.java:35)
at objectrepository.HomePage.getGetComputerLink(HomePage.java:35)
at objectrepository.HomePage.getGetComputerLink(HomePage.java:35)
at objectrepository.HomePage.getGetComputerLink(HomePage.java:35)
at objectrepository.HomePage.getGetComputerLink(HomePage.java:35)
at objectrepository.HomePage.getGetComputerLink(HomePage.java:35)
at objectrepository.HomePage.getGetComputerLink(HomePage.java:35)
at objectrepository.HomePage.getGetComputerLink(HomePage.java:35)
at objectrepository.HomePage.getGetComputerLink(HomePage.java:35)
at objectrepository.HomePage.getGetComputerLink(HomePage.java:35)
at objectrepository.HomePage.getGetComputerLink(HomePage.java:35)
at objectrepository.HomePage.getGetComputerLink(HomePage.java:35)
at objectrepository.HomePage.getGetComputerLink(HomePage.java:35)
at objectrepository.HomePage.getGetComputerLink(HomePage.java:35)
at objectrepository.HomePage.getGetComputerLink(HomePage.java:35)
at objectrepository.HomePage.getGetComputerLink(HomePage.java:35)
at objectrepository.HomePage.getGetComputerLink(HomePage.java:35)
at objectrepository.HomePage.getGetComputerLink(HomePage.java:35)
at objectrepository.HomePage.getGetComputerLink(HomePage.java:35)
at objectrepository.HomePage.getGetComputerLink(HomePage.java:35)
at objectrepository.HomePage.getGetComputerLink(HomePage.java:35)
at objectrepository.HomePage.getGetComputerLink(HomePage.java:35)
at objectrepository.HomePage.getGetComputerLink(HomePage.java:35)
at objectrepository.HomePage.getGetComputerLink(HomePage.java:35)
at objectrepository.HomePage.getGetComputerLink(HomePage.java:35)
at objectrepository.HomePage.getGetComputerLink(HomePage.java:35)
at objectrepository.HomePage.getGetComputerLink(HomePage.java:35)
at objectrepository.HomePage.getGetComputerLink(HomePage.java:35)
at objectrepository.HomePage.getGetComputerLink(HomePage.java:35)
at objectrepository.HomePage.getGetComputerLink(HomePage.java:35)
at objectrepository.HomePage.getGetComputerLink(HomePage.java:35)
at objectrepository.HomePage.getGetComputerLink(HomePage.java:35)
at objectrepository.HomePage.getGetComputerLink(HomePage.java:35)
at objectrepository.HomePage.getGetComputerLink(HomePage.java:35)
at objectrepository.HomePage.getGetComputerLink(HomePage.java:35)
at objectrepository.HomePage.getGetComputerLink(HomePage.java:35)
at objectrepository.HomePage.getGetComputerLink(HomePage.java:35)
at objectrepository.HomePage.getGetComputerLink(HomePage.java:35)
at objectrepository.HomePage.getGetComputerLink(HomePage.java:35)
at objectrepository.HomePage.getGetComputerLink(HomePage.java:35)
at objectrepository.HomePage.getGetComputerLink(HomePage.java:35)
at objectrepository.HomePage.getGetComputerLink(HomePage.java:35)
at objectrepository.HomePage.getGetComputerLink(HomePage.java:35)
at objectrepository.HomePage.getGetComputerLink(HomePage.java:35)
at objectrepository.HomePage.getGetComputerLink(HomePage.java:35)
at objectrepository.HomePage.getGetComputerLink(HomePage.java:35)
at objectrepository.HomePage.getGetComputerLink(HomePage.java:35)
at objectrepository.HomePage.getGetComputerLink(HomePage.java:35)
at objectrepository.HomePage.getGetComputerLink(HomePage.java:35)
at objectrepository.HomePage.getGetComputerLink(HomePage.java:35)
at objectrepository.HomePage.getGetComputerLink(HomePage.java:35)
at objectrepository.HomePage.getGetComputerLink(HomePage.java:35)
at objectrepository.HomePage.getGetComputerLink(HomePage.java:35)
at objectrepository.HomePage.getGetComputerLink(HomePage.java:35)
at objectrepository.HomePage.getGetComputerLink(HomePage.java:35)
at objectrepository.HomePage.getGetComputerLink(HomePage.java:35)
at objectrepository.HomePage.getGetComputerLink(HomePage.java:35)
at objectrepository.HomePage.getGetComputerLink(HomePage.java:35)
at objectrepository.HomePage.getGetComputerLink(HomePage.java:35)
at objectrepository.HomePage.getGetComputerLink(HomePage.java:35)
at objectrepository.HomePage.getGetComputerLink(HomePage.java:35)
at objectrepository.HomePage.getGetComputerLink(HomePage.java:35)
at objectrepository.HomePage.getGetComputerLink(HomePage.java:35)
at objectrepository.HomePage.getGetComputerLink(HomePage.java:35)
at objectrepository.HomePage.getGetComputerLink(HomePage.java:35)
at objectrepository.HomePage.getGetComputerLink(HomePage.java:35)
at objectrepository.HomePage.getGetComputerLink(HomePage.java:35)
at objectrepository.HomePage.getGetComputerLink(HomePage.java:35)
at objectrepository.HomePage.getGetComputerLink(HomePage.java:35)
at objectrepository.HomePage.getGetComputerLink(HomePage.java:35)
at objectrepository.HomePage.getGetComputerLink(HomePage.java:35)
at objectrepository.HomePage.getGetComputerLink(HomePage.java:35)
at objectrepository.HomePage.getGetComputerLink(HomePage.java:35)
at objectrepository.HomePage.getGetComputerLink(HomePage.java:35)
at objectrepository.HomePage.getGetComputerLink(HomePage.java:35)
at objectrepository.HomePage.getGetComputerLink(HomePage.java:35)
at objectrepository.HomePage.getGetComputerLink(HomePage.java:35)
at objectrepository.HomePage.getGetComputerLink(HomePage.java:35)
at objectrepository.HomePage.getGetComputerLink(HomePage.java:35)
at objectrepository.HomePage.getGetComputerLink(HomePage.java:35)
at objectrepository.HomePage.getGetComputerLink(HomePage.java:35)
at objectrepository.HomePage.getGetComputerLink(HomePage.java:35)
at objectrepository.HomePage.getGetComputerLink(HomePage.java:35)
at objectrepository.HomePage.getGetComputerLink(HomePage.java:35)
at objectrepository.HomePage.getGetComputerLink(HomePage.java:35)
at objectrepository.HomePage.getGetComputerLink(HomePage.java:35)
at objectrepository.HomePage.getGetComputerLink(HomePage.java:35)
at objectrepository.HomePage.getGetComputerLink(HomePage.java:35)
at objectrepository.HomePage.getGetComputerLink(HomePage.java:35)
at objectrepository.HomePage.getGetComputerLink(HomePage.java:35)
at objectrepository.HomePage.getGetComputerLink(HomePage.java:35)
at objectrepository.HomePage.getGetComputerLink(HomePage.java:35)
at objectrepository.HomePage.getGetComputerLink(HomePage.java:35)
at objectrepository.HomePage.getGetComputerLink(HomePage.java:35)
at objectrepository.HomePage.getGetComputerLink(HomePage.java:35)
at objectrepository.HomePage.getGetComputerLink(HomePage.java:35)
at objectrepository.HomePage.getGetComputerLink(HomePage.java:35)
at objectrepository.HomePage.getGetComputerLink(HomePage.java:35)
at objectrepository.HomePage.getGetComputerLink(HomePage.java:35)
at objectrepository.HomePage.getGetComputerLink(HomePage.java:35)
at objectrepository.HomePage.getGetComputerLink(HomePage.java:35)
at objectrepository.HomePage.getGetComputerLink(HomePage.java:35)
at objectrepository.HomePage.getGetComputerLink(HomePage.java:35)
at objectrepository.HomePage.getGetComputerLink(HomePage.java:35)
at objectrepository.HomePage.getGetComputerLink(HomePage.java:35)
at objectrepository.HomePage.getGetComputerLink(HomePage.java:35)
at objectrepository.HomePage.getGetComputerLink(HomePage.java:35)
]]>
    </failure>
  </testcase> <!-- clickOnComputer -->
  <testcase classname="books.TC_DWS_001_Test" name="clickOnBooks" time="2.098"/>
  <testcase classname="genericutility.BaseClass" name="@BeforeSuite reportConfig" time="0.0">
    <ignored/>
  </testcase> <!-- @BeforeSuite reportConfig -->
  <testcase classname="genericutility.BaseClass" name="@AfterSuite reportBackup" time="0.0">
    <ignored/>
  </testcase> <!-- @AfterSuite reportBackup -->
  <testcase classname="genericutility.BaseClass" name="@BeforeSuite reportConfig" time="0.0">
    <ignored/>
  </testcase> <!-- @BeforeSuite reportConfig -->
  <testcase classname="genericutility.BaseClass" name="@AfterSuite reportBackup" time="0.0">
    <ignored/>
  </testcase> <!-- @AfterSuite reportBackup -->
</testsuite> <!-- Test -->
